[0.058s] Invoking command in '/home/jimmy/ros2_robo2axis/build/robo2axis_data_strcs': CMAKE_PREFIX_PATH=/opt/ros/humble /usr/bin/cmake --build /home/jimmy/ros2_robo2axis/build/robo2axis_data_strcs -- -j12 -l12
[0.139s] -- Found ament_cmake: 1.3.7 (/opt/ros/humble/share/ament_cmake/cmake)
[0.339s] -- Found rosidl_default_generators: 1.2.0 (/opt/ros/humble/share/rosidl_default_generators/cmake)
[0.342s] -- Using all available rosidl_typesupport_c: rosidl_typesupport_fastrtps_c;rosidl_typesupport_introspection_c
[0.346s] -- Found rosidl_adapter: 3.1.5 (/opt/ros/humble/share/rosidl_adapter/cmake)
[0.388s] -- Using all available rosidl_typesupport_cpp: rosidl_typesupport_fastrtps_cpp;rosidl_typesupport_introspection_cpp
[0.577s] [31mCMake Error at /opt/ros/humble/share/rosidl_adapter/cmake/rosidl_adapt_interfaces.cmake:59 (message):
[0.577s]   execute_process(/usr/bin/python3.10 -m rosidl_adapter --package-name
[0.577s]   robo2axis_data_strcs --arguments-file
[0.577s]   /home/jimmy/ros2_robo2axis/build/robo2axis_data_strcs/rosidl_adapter__arguments__robo2axis_data_strcs.json
[0.577s]   --output-dir
[0.577s]   /home/jimmy/ros2_robo2axis/build/robo2axis_data_strcs/rosidl_adapter/robo2axis_data_strcs
[0.577s]   --output-file
[0.577s]   /home/jimmy/ros2_robo2axis/build/robo2axis_data_strcs/rosidl_adapter/robo2axis_data_strcs.idls)
[0.577s]   returned error code 1:
[0.577s] 
[0.578s]   Error processing 'int8 Duty_Cycle_Percentage' of
[0.578s]   'robo2axis_data_strcs/DutyCycle': ''Duty_Cycle_Percentage' is an invalid
[0.578s]   field name.  It should have the pattern
[0.578s]   '^(?!.*__)(?!.*_$)[a-z][a-z0-9_]*$''
[0.578s] 
[0.578s]   Traceback (most recent call last):
[0.578s] 
[0.578s]     File "/usr/lib/python3.10/runpy.py", line 196, in _run_module_as_main
[0.578s]       return _run_code(code, main_globals, None,
[0.578s]     File "/usr/lib/python3.10/runpy.py", line 86, in _run_code
[0.578s]       exec(code, run_globals)
[0.579s]     File "/opt/ros/humble/local/lib/python3.10/dist-packages/rosidl_adapter/__main__.py", line 19, in <module>
[0.579s]       sys.exit(main())
[0.579s]     File "/opt/ros/humble/local/lib/python3.10/dist-packages/rosidl_adapter/main.py", line 53, in main
[0.579s]       abs_idl_file = convert_to_idl(
[0.579s]     File "/opt/ros/humble/local/lib/python3.10/dist-packages/rosidl_adapter/__init__.py", line 19, in convert_to_idl
[0.579s]       return convert_msg_to_idl(
[0.579s]     File "/opt/ros/humble/local/lib/python3.10/dist-packages/rosidl_adapter/msg/__init__.py", line 28, in convert_msg_to_idl
[0.579s]       msg = parse_message_string(package_name, input_file.stem, content)
[0.579s]     File "/opt/ros/humble/local/lib/python3.10/dist-packages/rosidl_adapter/parser.py", line 519, in parse_message_string
[0.579s]       fields.append(Field(
[0.579s]     File "/opt/ros/humble/local/lib/python3.10/dist-packages/rosidl_adapter/parser.py", line 354, in __init__
[0.579s]       raise NameError(
[0.580s] 
[0.580s]   NameError: 'Duty_Cycle_Percentage' is an invalid field name.  It should
[0.580s]   have the pattern '^(?!.*__)(?!.*_$)[a-z][a-z0-9_]*$'
[0.580s] 
[0.580s] Call Stack (most recent call first):
[0.580s]   /opt/ros/humble/share/rosidl_cmake/cmake/rosidl_generate_interfaces.cmake:130 (rosidl_adapt_interfaces)
[0.580s]   CMakeLists.txt:12 (rosidl_generate_interfaces)
[0.580s] 
[0.580s] [0m
[0.580s] -- Configuring incomplete, errors occurred!
[0.580s] See also "/home/jimmy/ros2_robo2axis/build/robo2axis_data_strcs/CMakeFiles/CMakeOutput.log".
[0.581s] gmake: *** [Makefile:747: cmake_check_build_system] Error 1
[0.583s] Invoked command in '/home/jimmy/ros2_robo2axis/build/robo2axis_data_strcs' returned '2': CMAKE_PREFIX_PATH=/opt/ros/humble /usr/bin/cmake --build /home/jimmy/ros2_robo2axis/build/robo2axis_data_strcs -- -j12 -l12
